0 info it worked if it ends with ok
1 verbose cli [ 'node', '/home/u826-rw7zfsewjshd/bin/npm', 'run', 'watch' ]
2 info using npm@3.10.10
3 info using node@v6.9.5
4 verbose node symlink /home/u826-rw7zfsewjshd/bin/node
5 verbose run-script [ 'prewatch', 'watch', 'postwatch' ]
6 info lifecycle @~prewatch: @
7 silly lifecycle @~prewatch: no script for prewatch, continuing
8 info lifecycle @~watch: @
9 verbose lifecycle @~watch: unsafe-perm in lifecycle true
10 verbose lifecycle @~watch: PATH: /home/customer/nodejs/lib/node_modules/npm/bin/node-gyp-bin:/home/customer/www/baguioonline.com/public_html/node_modules/.bin:/bin:/usr/bin:/usr/local/bin:/sbin:/usr/sbin:/usr/local/sbin:/home/u826-rw7zfsewjshd/bin
11 verbose lifecycle @~watch: CWD: /home/customer/www/baguioonline.com/public_html
12 silly lifecycle @~watch: Args: [ '-c', 'npm run development -- --watch' ]
13 silly lifecycle @~watch: Returned: code: 1  signal: null
14 info lifecycle @~watch: Failed to exec watch script
15 verbose stack Error: @ watch: `npm run development -- --watch`
15 verbose stack Exit status 1
15 verbose stack     at EventEmitter.<anonymous> (/home/customer/nodejs/lib/node_modules/npm/lib/utils/lifecycle.js:255:16)
15 verbose stack     at emitTwo (events.js:106:13)
15 verbose stack     at EventEmitter.emit (events.js:191:7)
15 verbose stack     at ChildProcess.<anonymous> (/home/customer/nodejs/lib/node_modules/npm/lib/utils/spawn.js:40:14)
15 verbose stack     at emitTwo (events.js:106:13)
15 verbose stack     at ChildProcess.emit (events.js:191:7)
15 verbose stack     at maybeClose (internal/child_process.js:877:16)
15 verbose stack     at Process.ChildProcess._handle.onexit (internal/child_process.js:226:5)
16 verbose pkgid @
17 verbose cwd /home/customer/www/baguioonline.com/public_html
18 error Linux 3.12.18-clouder0
19 error argv "node" "/home/u826-rw7zfsewjshd/bin/npm" "run" "watch"
20 error node v6.9.5
21 error npm  v3.10.10
22 error code ELIFECYCLE
23 error @ watch: `npm run development -- --watch`
23 error Exit status 1
24 error Failed at the @ watch script 'npm run development -- --watch'.
24 error Make sure you have the latest version of node.js and npm installed.
24 error If you do, this is most likely a problem with the  package,
24 error not with npm itself.
24 error Tell the author that this fails on your system:
24 error     npm run development -- --watch
24 error You can get information on how to open an issue for this project with:
24 error     npm bugs
24 error Or if that isn't available, you can get their info via:
24 error     npm owner ls
24 error There is likely additional logging output above.
25 verbose exit [ 1, true ]
